{
  "RSpec": {
    "coverage": {
      "/vagrant/src/flixter/spec/controllers/static_pages_controller_spec.rb": [
        1,
        null,
        1,
        1,
        1,
        1,
        1,
        null,
        null,
        null
      ],
      "/vagrant/src/flixter/spec/rails_helper.rb": [
        null,
        1,
        1,
        null,
        1,
        1,
        1,
        null,
        1,
        1,
        null,
        null,
        null,
        null,
        null,
        null,
        null,
        null,
        null,
        null,
        null,
        null,
        null,
        null,
        1,
        0,
        null,
        null,
        null,
        null,
        1,
        null,
        1,
        1,
        1,
        1,
        null,
        1,
        null,
        null,
        null,
        null,
        1,
        null,
        1,
        1,
        null,
        null,
        1,
        1,
        1,
        null,
        null,
        1,
        1,
        null,
        null,
        null,
        null,
        null,
        null,
        null,
        null,
        null,
        null,
        null,
        null,
        null,
        null,
        null,
        1,
        null,
        null,
        1,
        null,
        null,
        null
      ],
      "/vagrant/src/flixter/config/environment.rb": [
        null,
        1,
        null,
        null,
        1
      ],
      "/vagrant/src/flixter/config/application.rb": [
        1,
        null,
        1,
        null,
        null,
        null,
        1,
        null,
        1,
        1,
        null,
        null,
        null,
        null,
        null,
        null,
        null,
        null,
        null,
        null,
        null,
        null,
        null,
        1,
        null,
        null,
        1,
        null,
        null,
        null,
        null
      ],
      "/vagrant/src/flixter/config/boot.rb": [
        null,
        1,
        null,
        1
      ],
      "/vagrant/src/flixter/config/environments/test.rb": [
        1,
        null,
        null,
        null,
        null,
        null,
        null,
        1,
        null,
        null,
        null,
        null,
        1,
        null,
        null,
        1,
        1,
        null,
        null,
        1,
        1,
        null,
        null,
        1,
        null,
        null,
        1,
        null,
        null,
        null,
        null,
        1,
        null,
        null,
        1,
        null,
        null,
        null,
        null
      ],
      "/vagrant/src/flixter/config/initializers/assets.rb": [
        null,
        null,
        null,
        1,
        null,
        null,
        null,
        null
      ],
      "/vagrant/src/flixter/config/initializers/backtrace_silencers.rb": [
        null,
        null,
        null,
        null,
        null,
        null,
        null
      ],
      "/vagrant/src/flixter/config/initializers/carrierwave.rb": [
        1,
        1,
        1,
        1,
        null,
        1,
        null,
        null,
        null,
        null,
        null
      ],
      "/vagrant/src/flixter/config/initializers/cookies_serializer.rb": [
        null,
        null,
        1
      ],
      "/vagrant/src/flixter/config/initializers/devise.rb": [
        null,
        null,
        1,
        null,
        null,
        null,
        null,
        null,
        null,
        null,
        null,
        null,
        null,
        null,
        1,
        null,
        null,
        null,
        null,
        null,
        null,
        null,
        null,
        1,
        null,
        null,
        null,
        null,
        null,
        null,
        null,
        null,
        null,
        null,
        null,
        null,
        null,
        null,
        null,
        null,
        null,
        null,
        null,
        null,
        null,
        1,
        null,
        null,
        null,
        null,
        1,
        null,
        null,
        null,
        null,
        null,
        null,
        null,
        null,
        null,
        null,
        null,
        null,
        null,
        null,
        null,
        null,
        null,
        null,
        null,
        null,
        null,
        null,
        null,
        null,
        null,
        null,
        null,
        null,
        null,
        null,
        1,
        null,
        null,
        null,
        null,
        null,
        null,
        null,
        null,
        null,
        null,
        null,
        null,
        null,
        null,
        null,
        null,
        1,
        null,
        null,
        null,
        null,
        null,
        null,
        null,
        null,
        null,
        null,
        null,
        null,
        null,
        null,
        null,
        null,
        null,
        null,
        null,
        null,
        null,
        null,
        null,
        null,
        null,
        null,
        null,
        1,
        null,
        null,
        null,
        null,
        null,
        null,
        null,
        null,
        null,
        1,
        null,
        null,
        null,
        null,
        null,
        null,
        null,
        null,
        null,
        null,
        1,
        null,
        null,
        null,
        null,
        null,
        null,
        null,
        null,
        null,
        null,
        null,
        null,
        null,
        null,
        null,
        null,
        null,
        null,
        null,
        null,
        null,
        null,
        null,
        null,
        null,
        null,
        null,
        null,
        null,
        null,
        null,
        null,
        null,
        null,
        null,
        null,
        null,
        null,
        null,
        null,
        null,
        null,
        null,
        null,
        null,
        1,
        null,
        null,
        null,
        null,
        null,
        null,
        null,
        null,
        null,
        null,
        null,
        null,
        null,
        null,
        null,
        null,
        null,
        null,
        null,
        null,
        null,
        null,
        null,
        null,
        null,
        null,
        null,
        null,
        null,
        null,
        null,
        null,
        null,
        null,
        null,
        null,
        null,
        null,
        null,
        null,
        null,
        1,
        null,
        null,
        null,
        null,
        null,
        null,
        null,
        null,
        null,
        null,
        null,
        null,
        null,
        null,
        null,
        null,
        null,
        null,
        null,
        null,
        null,
        null,
        null,
        null,
        null,
        null,
        null,
        null,
        null
      ],
      "/vagrant/src/flixter/config/initializers/filter_parameter_logging.rb": [
        null,
        null,
        null,
        1
      ],
      "/vagrant/src/flixter/config/initializers/inflections.rb": [
        null,
        null,
        null,
        null,
        null,
        null,
        null,
        null,
        null,
        null,
        null,
        null,
        null,
        null,
        null,
        null
      ],
      "/vagrant/src/flixter/config/initializers/mime_types.rb": [
        null,
        null,
        null,
        null
      ],
      "/vagrant/src/flixter/config/initializers/session_store.rb": [
        null,
        null,
        1
      ],
      "/vagrant/src/flixter/config/initializers/simple_form.rb": [
        null,
        1,
        null,
        1,
        null,
        null,
        null,
        null,
        null,
        null,
        1,
        null,
        null,
        null,
        null,
        null,
        null,
        null,
        null,
        null,
        1,
        null,
        null,
        null,
        1,
        null,
        null,
        null,
        null,
        null,
        null,
        null,
        null,
        1,
        null,
        null,
        1,
        null,
        null,
        1,
        null,
        null,
        1,
        null,
        null,
        1,
        1,
        1,
        null,
        null,
        null,
        null,
        null,
        null,
        null,
        null,
        null,
        1,
        null,
        null,
        null,
        null,
        null,
        1,
        null,
        null,
        1,
        null,
        null,
        null,
        null,
        null,
        null,
        null,
        1,
        null,
        null,
        1,
        null,
        null,
        null,
        null,
        null,
        null,
        null,
        null,
        null,
        null,
        null,
        null,
        null,
        null,
        null,
        null,
        null,
        null,
        null,
        null,
        null,
        null,
        null,
        null,
        null,
        null,
        null,
        null,
        null,
        null,
        null,
        null,
        null,
        null,
        null,
        null,
        null,
        null,
        null,
        null,
        null,
        null,
        null,
        null,
        1,
        null,
        null,
        null,
        null,
        null,
        null,
        null,
        null,
        null,
        null,
        null,
        null,
        null,
        null,
        null,
        null,
        null,
        null,
        null,
        null,
        null,
        null,
        null,
        null,
        null,
        null,
        null,
        null,
        null,
        null,
        null,
        null,
        null,
        null,
        null,
        null,
        1,
        null,
        null,
        null,
        null,
        null,
        null,
        null,
        null
      ],
      "/vagrant/src/flixter/config/initializers/simple_form_bootstrap.rb": [
        null,
        1,
        1,
        1,
        1,
        null,
        1,
        1,
        1,
        1,
        1,
        1,
        1,
        1,
        null,
        1,
        1,
        1,
        null,
        null,
        1,
        1,
        1,
        1,
        1,
        1,
        null,
        1,
        1,
        1,
        null,
        null,
        1,
        1,
        1,
        null,
        1,
        1,
        null,
        null,
        1,
        1,
        null,
        null,
        1,
        1,
        1,
        1,
        1,
        1,
        1,
        null,
        null,
        1,
        1,
        1,
        1,
        1,
        1,
        1,
        1,
        null,
        1,
        1,
        1,
        1,
        null,
        null,
        null,
        1,
        1,
        1,
        1,
        1,
        1,
        null,
        1,
        1,
        1,
        1,
        null,
        null,
        null,
        1,
        1,
        1,
        null,
        1,
        1,
        1,
        null,
        null,
        1,
        1,
        null,
        null,
        null,
        1,
        1,
        1,
        null,
        1,
        null,
        1,
        1,
        1,
        1,
        null,
        null,
        null,
        1,
        1,
        1,
        1,
        1,
        1,
        1,
        1,
        null,
        1,
        1,
        1,
        null,
        null,
        1,
        1,
        1,
        1,
        1,
        1,
        1,
        1,
        null,
        null,
        null,
        null,
        null,
        null,
        1,
        1,
        null,
        null,
        null,
        null,
        null,
        null,
        null,
        null,
        null
      ],
      "/vagrant/src/flixter/config/initializers/stripe.rb": [
        1,
        null,
        null,
        null,
        null,
        1
      ],
      "/vagrant/src/flixter/config/initializers/wrap_parameters.rb": [
        null,
        null,
        null,
        null,
        null,
        null,
        1,
        1,
        null,
        null,
        null,
        null,
        null,
        null
      ],
      "/vagrant/src/flixter/config/routes.rb": [
        1,
        1,
        1,
        1,
        1,
        1,
        1,
        1,
        null,
        1,
        null,
        1,
        1,
        1,
        1,
        null,
        1,
        1,
        null,
        null,
        null,
        null,
        null,
        null,
        null,
        null,
        null,
        null,
        null,
        null,
        null,
        null,
        null,
        null,
        null,
        null,
        null,
        null,
        null,
        null,
        null,
        null,
        null,
        null,
        null,
        null,
        null,
        null,
        null,
        null,
        null,
        null,
        null,
        null,
        null,
        null,
        null,
        null,
        null,
        null,
        null,
        null,
        null,
        null,
        null,
        null,
        null,
        null,
        null,
        null,
        null,
        null,
        null,
        null,
        null,
        null
      ],
      "/vagrant/src/flixter/app/models/user.rb": [
        1,
        1,
        1,
        1,
        null,
        null,
        null,
        1,
        null,
        null,
        1,
        0,
        null,
        null,
        null
      ],
      "/vagrant/src/flixter/app/helpers/application_helper.rb": [
        1,
        null
      ],
      "/vagrant/src/flixter/app/helpers/courses_helper.rb": [
        1,
        null
      ],
      "/vagrant/src/flixter/app/helpers/dashboards_helper.rb": [
        1,
        null
      ],
      "/vagrant/src/flixter/app/helpers/enrollments_helper.rb": [
        1,
        null
      ],
      "/vagrant/src/flixter/app/helpers/instructor/courses_helper.rb": [
        1,
        null
      ],
      "/vagrant/src/flixter/app/helpers/instructor/lessons_helper.rb": [
        1,
        null
      ],
      "/vagrant/src/flixter/app/helpers/instructor/sections_helper.rb": [
        1,
        null
      ],
      "/vagrant/src/flixter/app/helpers/lessons_helper.rb": [
        1,
        null
      ],
      "/vagrant/src/flixter/app/helpers/static_pages_helper.rb": [
        1,
        null
      ],
      "/vagrant/src/flixter/app/controllers/static_pages_controller.rb": [
        1,
        1,
        null,
        null,
        1,
        null,
        null,
        1,
        null,
        null
      ],
      "/vagrant/src/flixter/app/controllers/application_controller.rb": [
        1,
        null,
        null,
        1,
        null
      ]
    },
    "timestamp": 1479505917
  }
}
